<?xml version="1.0" encoding="UTF-8"?>
<testng-results ignored="0" total="1" passed="1" failed="0" skipped="0">
  <reporter-output>
  </reporter-output>
  <suite started-at="2019-11-17T18:32:19 EST" name="Default suite" finished-at="2019-11-17T18:32:27 EST" duration-ms="7247">
    <groups>
    </groups>
    <test started-at="2019-11-17T18:32:19 EST" name="Default test" finished-at="2019-11-17T18:32:27 EST" duration-ms="7247">
      <class name="com.selenium.sanityTests.SingUPTest">
        <test-method is-config="true" signature="setUp()[pri:0, instance:com.selenium.sanityTests.SingUPTest@5bfa9431]" started-at="2019-11-17T18:32:19 EST" name="setUp" finished-at="2019-11-17T18:32:25 EST" duration-ms="5435" status="PASS">
          <reporter-output>
          </reporter-output>
        </test-method> <!-- setUp -->
        <test-method signature="signUpTest()[pri:0, instance:com.selenium.sanityTests.SingUPTest@5bfa9431]" started-at="2019-11-17T18:32:25 EST" name="signUpTest" finished-at="2019-11-17T18:32:26 EST" duration-ms="1630" status="PASS">
          <reporter-output>
          </reporter-output>
        </test-method> <!-- signUpTest -->
        <test-method is-config="true" signature="endOfTest()[pri:0, instance:com.selenium.sanityTests.SingUPTest@5bfa9431]" started-at="2019-11-17T18:32:26 EST" name="endOfTest" finished-at="2019-11-17T18:32:27 EST" duration-ms="139" status="PASS">
          <reporter-output>
          </reporter-output>
        </test-method> <!-- endOfTest -->
      </class> <!-- com.selenium.sanityTests.SingUPTest -->
    </test> <!-- Default test -->
  </suite> <!-- Default suite -->
</testng-results>
